<?xml version="1.0" encoding="UTF-8"?>
<testng-results ignored="0" total="2" passed="2" failed="0" skipped="0">
  <reporter-output>
    <line>
      <![CDATA[Opening Dominos]]>
    </line>
    <line>
      <![CDATA[Opening Redbuss]]>
    </line>
  </reporter-output>
  <suite started-at="2023-08-06T06:12:29 GMT-07:00" name="Suite" finished-at="2023-08-06T06:13:02 GMT-07:00" duration-ms="33575">
    <groups>
    </groups>
    <test started-at="2023-08-06T06:12:29 GMT-07:00" name="Test" finished-at="2023-08-06T06:13:02 GMT-07:00" duration-ms="33575">
      <class name="ticketBooking.Dominoz">
        <test-method signature="f()[pri:0, instance:ticketBooking.Dominoz@35cabb2a]" started-at="2023-08-06T06:12:29 GMT-07:00" name="f" finished-at="2023-08-06T06:12:49 GMT-07:00" duration-ms="20321" status="PASS">
          <reporter-output>
            <line>
              <![CDATA[Opening Dominos]]>
            </line>
          </reporter-output>
        </test-method> <!-- f -->
      </class> <!-- ticketBooking.Dominoz -->
      <class name="ticketBooking.Redbus">
        <test-method signature="RedbusTest()[pri:0, instance:ticketBooking.Redbus@436813f3]" started-at="2023-08-06T06:12:49 GMT-07:00" name="RedbusTest" finished-at="2023-08-06T06:13:02 GMT-07:00" duration-ms="13106" status="PASS">
          <reporter-output>
            <line>
              <![CDATA[Opening Redbuss]]>
            </line>
          </reporter-output>
        </test-method> <!-- RedbusTest -->
      </class> <!-- ticketBooking.Redbus -->
    </test> <!-- Test -->
  </suite> <!-- Suite -->
</testng-results>
